2018/11/22 17:25:02 [emerg] 1#1: no "events" section in configuration
2018/11/22 17:25:05 [emerg] 1#1: no "events" section in configuration
2018/11/22 17:25:07 [emerg] 1#1: no "events" section in configuration
2018/11/22 17:25:10 [emerg] 1#1: no "events" section in configuration
2018/11/22 17:25:12 [emerg] 1#1: no "events" section in configuration
2018/11/22 17:25:14 [emerg] 1#1: no "events" section in configuration
2018/11/22 17:25:18 [emerg] 1#1: no "events" section in configuration
2018/11/22 17:25:26 [emerg] 1#1: no "events" section in configuration
2018/11/22 17:25:39 [emerg] 1#1: no "events" section in configuration
2018/11/22 17:27:49 [emerg] 1#1: no "events" section in configuration
2018/11/22 17:27:51 [emerg] 1#1: no "events" section in configuration
2018/11/22 17:27:54 [emerg] 1#1: no "events" section in configuration
2018/11/22 17:27:56 [emerg] 1#1: no "events" section in configuration
2018/11/22 17:27:58 [emerg] 1#1: no "events" section in configuration
2018/11/22 17:28:01 [emerg] 1#1: no "events" section in configuration
2018/11/22 17:28:05 [emerg] 1#1: no "events" section in configuration
2018/11/22 17:28:12 [emerg] 1#1: no "events" section in configuration
2018/11/22 17:28:26 [emerg] 1#1: no "events" section in configuration
2018/11/22 17:28:52 [emerg] 1#1: no "events" section in configuration
2018/11/22 17:30:35 [emerg] 1#1: "server" directive is not allowed here in /etc/nginx/nginx.conf:1
2018/11/22 17:30:38 [emerg] 1#1: "server" directive is not allowed here in /etc/nginx/nginx.conf:1
2018/11/22 17:30:41 [emerg] 1#1: "server" directive is not allowed here in /etc/nginx/nginx.conf:1
2018/11/22 17:30:47 [emerg] 1#1: "server" directive is not allowed here in /etc/nginx/nginx.conf:1
2018/11/22 17:30:49 [emerg] 1#1: "server" directive is not allowed here in /etc/nginx/nginx.conf:1
2018/11/22 17:30:52 [emerg] 1#1: "server" directive is not allowed here in /etc/nginx/nginx.conf:1
2018/11/22 17:30:57 [emerg] 1#1: "server" directive is not allowed here in /etc/nginx/nginx.conf:1
2018/11/22 17:31:05 [emerg] 1#1: "server" directive is not allowed here in /etc/nginx/nginx.conf:1
2018/11/22 17:31:18 [emerg] 1#1: "server" directive is not allowed here in /etc/nginx/nginx.conf:1
2018/11/22 17:31:45 [emerg] 1#1: "server" directive is not allowed here in /etc/nginx/nginx.conf:1
2018/11/22 17:32:38 [emerg] 1#1: "server" directive is not allowed here in /etc/nginx/nginx.conf:1
2018/11/22 17:33:39 [emerg] 1#1: "server" directive is not allowed here in /etc/nginx/nginx.conf:1
2018/11/22 17:34:40 [emerg] 1#1: "server" directive is not allowed here in /etc/nginx/nginx.conf:1
2018/11/22 17:35:41 [emerg] 1#1: "server" directive is not allowed here in /etc/nginx/nginx.conf:1
2018/11/22 17:36:42 [emerg] 1#1: host not found in upstream "php-fpm" in /etc/nginx/conf.d/default.conf:14
2018/11/22 17:41:24 [error] 9#9: *2 directory index of "/data/www/" is forbidden, client: 172.20.0.1, server: localhost, request: "GET / HTTP/1.1", host: "localhost"
2018/11/22 17:41:24 [error] 9#9: *2 rewrite or internal redirection cycle while internally redirecting to "/index.html", client: 172.20.0.1, server: localhost, request: "GET /favicon.ico HTTP/1.1", host: "localhost", referrer: "http://localhost/"
2018/11/22 17:41:44 [error] 9#9: *3 directory index of "/data/www/" is forbidden, client: 172.20.0.1, server: localhost, request: "GET / HTTP/1.1", host: "localhost"
2018/11/22 17:41:44 [error] 9#9: *3 rewrite or internal redirection cycle while internally redirecting to "/index.html", client: 172.20.0.1, server: localhost, request: "GET /favicon.ico HTTP/1.1", host: "localhost", referrer: "http://localhost/"
2018/11/22 17:58:26 [emerg] 1#1: unknown log format "root" in /etc/nginx/conf.d/default.conf:6
2018/11/22 17:58:28 [emerg] 1#1: unknown log format "root" in /etc/nginx/conf.d/default.conf:6
2018/11/22 17:58:31 [emerg] 1#1: unknown log format "root" in /etc/nginx/conf.d/default.conf:6
2018/11/22 17:58:34 [emerg] 1#1: unknown log format "root" in /etc/nginx/conf.d/default.conf:6
2018/11/22 17:58:36 [emerg] 1#1: unknown log format "root" in /etc/nginx/conf.d/default.conf:6
2018/11/22 17:58:39 [emerg] 1#1: unknown log format "root" in /etc/nginx/conf.d/default.conf:6
2018/11/22 17:58:44 [emerg] 1#1: unknown log format "root" in /etc/nginx/conf.d/default.conf:6
2018/11/22 17:58:51 [emerg] 1#1: unknown log format "root" in /etc/nginx/conf.d/default.conf:6
